<?xml version="1.0" encoding="UTF-8"?>
<testng-results ignored="0" total="1" passed="1" failed="0" skipped="0">
  <reporter-output>
  </reporter-output>
  <suite started-at="2023-12-21T01:44:21 IST" name="Default suite" finished-at="2023-12-21T01:44:21 IST" duration-ms="55">
    <groups>
    </groups>
    <test started-at="2023-12-21T01:44:21 IST" name="Default test" finished-at="2023-12-21T01:44:21 IST" duration-ms="55">
      <class name="demo.PrintTest">
        <test-method signature="printTest()[pri:0, instance:demo.PrintTest@72967906]" started-at="2023-12-21T01:44:21 IST" name="printTest" finished-at="2023-12-21T01:44:21 IST" duration-ms="9" status="PASS">
          <reporter-output>
          </reporter-output>
        </test-method> <!-- printTest -->
      </class> <!-- demo.PrintTest -->
    </test> <!-- Default test -->
  </suite> <!-- Default suite -->
</testng-results>
